\BOOKMARK [1][-]{section*.2}{Synopsis}{}% 1
\BOOKMARK [1][-]{section*.3}{指令使用說明}{}% 2
\BOOKMARK [1][-]{section*.4}{An\040h1\040header}{}% 3
\BOOKMARK [2][-]{section*.5}{An\040h2\040header}{section*.4}% 4
\BOOKMARK [3][-]{section*.6}{An\040h3\040header}{section*.5}% 5
\BOOKMARK [2][-]{section*.7}{Cover\040Page}{section*.4}% 6
\BOOKMARK [2][-]{section*.8}{Typography}{section*.4}% 7
\BOOKMARK [2][-]{section*.9}{Tables}{section*.4}% 8
\BOOKMARK [2][-]{section*.10}{Figures}{section*.4}% 9
\BOOKMARK [2][-]{section*.11}{Citations\040and\040Links}{section*.4}% 10
\BOOKMARK [2][-]{section*.12}{Math}{section*.4}% 11
\BOOKMARK [2][-]{section*.13}{Comments}{section*.4}% 12
\BOOKMARK [2][-]{section*.14}{References}{section*.4}% 13
\BOOKMARK [2][-]{section*.15}{Using\040pandoc}{section*.4}% 14
\BOOKMARK [2][-]{section*.16}{Creating\040a\040PDF}{section*.4}% 15
\BOOKMARK [2][-]{section*.17}{hsmarkdown}{section*.4}% 16
\BOOKMARK [1][-]{section*.18}{Options}{}% 17
\BOOKMARK [2][-]{section*.19}{General\040options}{section*.18}% 18
\BOOKMARK [2][-]{section*.20}{Reader\040options}{section*.18}% 19
\BOOKMARK [2][-]{section*.21}{General\040writer\040options}{section*.18}% 20
\BOOKMARK [2][-]{section*.22}{Options\040affecting\040specific\040writers}{section*.18}% 21
\BOOKMARK [2][-]{section*.23}{Citation\040rendering}{section*.18}% 22
\BOOKMARK [2][-]{section*.24}{Math\040rendering\040in\040HTML}{section*.18}% 23
\BOOKMARK [2][-]{section*.25}{Options\040for\040wrapper\040scripts}{section*.18}% 24
\BOOKMARK [1][-]{section*.26}{Templates}{}% 25
\BOOKMARK [1][-]{section*.27}{Pandoc's\040markdown}{}% 26
\BOOKMARK [2][-]{section*.28}{Philosophy}{section*.27}% 27
\BOOKMARK [2][-]{section*.29}{Paragraphs}{section*.27}% 28
\BOOKMARK [2][-]{section*.30}{Headers}{section*.27}% 29
\BOOKMARK [3][-]{section*.31}{Setext-style\040headers}{section*.30}% 30
\BOOKMARK [3][-]{section*.32}{Atx-style\040headers}{section*.30}% 31
\BOOKMARK [3][-]{section*.33}{Header\040identifiers\040in\040HTML,\040LaTeX,\040and\040ConTeXt}{section*.30}% 32
\BOOKMARK [2][-]{section*.34}{Block\040quotations}{section*.27}% 33
\BOOKMARK [2][-]{section*.35}{Verbatim\040\(code\)\040blocks}{section*.27}% 34
\BOOKMARK [3][-]{section*.36}{Indented\040code\040blocks}{section*.35}% 35
\BOOKMARK [3][-]{section*.37}{Fenced\040code\040blocks}{section*.35}% 36
\BOOKMARK [2][-]{section*.38}{Line\040blocks}{section*.27}% 37
\BOOKMARK [2][-]{section*.39}{Lists}{section*.27}% 38
\BOOKMARK [3][-]{section*.40}{Bullet\040lists}{section*.39}% 39
\BOOKMARK [3][-]{section*.41}{The\040four-space\040rule}{section*.39}% 40
\BOOKMARK [3][-]{section*.42}{Ordered\040lists}{section*.39}% 41
\BOOKMARK [3][-]{section*.43}{Definition\040lists}{section*.39}% 42
\BOOKMARK [3][-]{section*.44}{Numbered\040example\040lists}{section*.39}% 43
\BOOKMARK [3][-]{section*.45}{Compact\040and\040loose\040lists}{section*.39}% 44
\BOOKMARK [3][-]{section*.46}{Ending\040a\040list}{section*.39}% 45
\BOOKMARK [2][-]{section*.47}{Horizontal\040rules}{section*.27}% 46
\BOOKMARK [2][-]{section*.48}{Tables}{section*.27}% 47
\BOOKMARK [3][-]{section*.49}{Simple\040tables}{section*.48}% 48
\BOOKMARK [3][-]{section*.50}{Multiline\040tables}{section*.48}% 49
\BOOKMARK [3][-]{section*.51}{Grid\040tables}{section*.48}% 50
\BOOKMARK [3][-]{section*.52}{Pipe\040tables}{section*.48}% 51
\BOOKMARK [2][-]{section*.53}{Title\040block}{section*.27}% 52
\BOOKMARK [2][-]{section*.54}{YAML\040metadata\040block}{section*.27}% 53
\BOOKMARK [2][-]{section*.55}{Backslash\040escapes}{section*.27}% 54
\BOOKMARK [2][-]{section*.56}{Smart\040punctuation}{section*.27}% 55
\BOOKMARK [2][-]{section*.57}{Inline\040formatting}{section*.27}% 56
\BOOKMARK [3][-]{section*.58}{Emphasis}{section*.57}% 57
\BOOKMARK [3][-]{section*.59}{Strikeout}{section*.57}% 58
\BOOKMARK [3][-]{section*.60}{Superscripts\040and\040subscripts}{section*.57}% 59
\BOOKMARK [3][-]{section*.61}{Verbatim}{section*.57}% 60
\BOOKMARK [2][-]{section*.62}{Math}{section*.27}% 61
\BOOKMARK [2][-]{section*.63}{Raw\040HTML}{section*.27}% 62
\BOOKMARK [2][-]{section*.64}{Raw\040TeX}{section*.27}% 63
\BOOKMARK [2][-]{section*.65}{LaTeX\040macros}{section*.27}% 64
\BOOKMARK [2][-]{section*.66}{Links}{section*.27}% 65
\BOOKMARK [3][-]{section*.67}{Automatic\040links}{section*.66}% 66
\BOOKMARK [3][-]{section*.68}{Inline\040links}{section*.66}% 67
\BOOKMARK [3][-]{section*.69}{Reference\040links}{section*.66}% 68
\BOOKMARK [3][-]{section*.70}{Internal\040links}{section*.66}% 69
\BOOKMARK [2][-]{section*.71}{Images}{section*.27}% 70
\BOOKMARK [3][-]{section*.72}{Pictures\040with\040captions}{section*.71}% 71
\BOOKMARK [2][-]{section*.73}{Footnotes}{section*.27}% 72
\BOOKMARK [2][-]{section*.74}{Citations}{section*.27}% 73
\BOOKMARK [2][-]{section*.75}{Non-pandoc\040extensions}{section*.27}% 74
\BOOKMARK [2][-]{section*.76}{Markdown\040variants}{section*.27}% 75
\BOOKMARK [2][-]{section*.77}{Extensions\040with\040formats\040other\040than\040markdown}{section*.27}% 76
\BOOKMARK [1][-]{section*.78}{Producing\040slide\040shows\040with\040Pandoc}{}% 77
\BOOKMARK [2][-]{section*.79}{Structuring\040the\040slide\040show}{section*.78}% 78
\BOOKMARK [2][-]{section*.80}{Incremental\040lists}{section*.78}% 79
\BOOKMARK [2][-]{section*.81}{Inserting\040pauses}{section*.78}% 80
\BOOKMARK [2][-]{section*.82}{Styling\040the\040slides}{section*.78}% 81
\BOOKMARK [2][-]{section*.83}{Speaker\040notes}{section*.78}% 82
\BOOKMARK [1][-]{section*.84}{EPUB\040Metadata}{}% 83
\BOOKMARK [1][-]{section*.85}{Literate\040Haskell\040support}{}% 84
\BOOKMARK [1][-]{section*.86}{Custom\040writers}{}% 85
\BOOKMARK [1][-]{section*.87}{Authors}{}% 86
